# JRE version: OpenJDK Runtime Environment Temurin-21.0.11+10 (21.0.11+10) (build 21.0.11+10-LTS)
# Java VM: OpenJDK 64-Bit Server VM Temurin-21.0.11+10 (21.0.11+10-LTS, mixed mode, sharing, tiered, compressed oops, compressed class ptrs, parallel gc, windows-amd64)
GC Precious Log:
 CardTable entry size: 512
 CPUs: 8 total, 8 available
 Memory: 7926M
 Large Page Support: Disabled
 NUMA Support: Disabled
 Compressed Oops: Enabled (32-bit)
 Alignments: Space 512K, Generation 512K, Heap 2M
 Heap Min Capacity: 100M
 Heap Initial Capacity: 100M
 Heap Max Capacity: 2G
 Pre-touch: Disabled
 Parallel Workers: 8
Heap:
 PSYoungGen      total 15360K, used 735K [0x00000000d5580000, 0x00000000d6700000, 0x0000000100000000)
  eden space 14336K, 0% used [0x00000000d5580000,0x00000000d5580000,0x00000000d6380000)
  from space 1024K, 71% used [0x00000000d6600000,0x00000000d66b7ca0,0x00000000d6700000)
  to   space 1024K, 0% used [0x00000000d6500000,0x00000000d6500000,0x00000000d6600000)
 ParOldGen       total 68608K, used 60324K [0x0000000080000000, 0x0000000084300000, 0x00000000d5580000)
  object space 68608K, 87% used [0x0000000080000000,0x0000000083ae9278,0x0000000084300000)
 Metaspace       used 58436K, committed 59776K, reserved 1114112K
  class space    used 6288K, committed 6848K, reserved 1048576K
GC Heap History (20 events):
Event: 26.935 GC heap after
{Heap after GC invocations=39 (full 2):
 PSYoungGen      total 15360K, used 608K [0x00000000d5580000, 0x00000000d6580000, 0x0000000100000000)
  eden space 14336K, 0% used [0x00000000d5580000,0x00000000d5580000,0x00000000d6380000)
  from space 1024K, 59% used [0x00000000d6380000,0x00000000d6418000,0x00000000d6480000)
  to   space 1024K, 0% used [0x00000000d6480000,0x00000000d6480000,0x00000000d6580000)
 ParOldGen       total 68608K, used 53353K [0x0000000080000000, 0x0000000084300000, 0x00000000d5580000)
  object space 68608K, 77% used [0x0000000080000000,0x000000008341a708,0x0000000084300000)
 Metaspace       used 54377K, committed 55680K, reserved 1114112K
  class space    used 5947K, committed 6528K, reserved 1048576K
}
Event: 27.031 GC heap before
{Heap before GC invocations=40 (full 2):
 PSYoungGen      total 15360K, used 14944K [0x00000000d5580000, 0x00000000d6580000, 0x0000000100000000)
  eden space 14336K, 100% used [0x00000000d5580000,0x00000000d6380000,0x00000000d6380000)
  from space 1024K, 59% used [0x00000000d6380000,0x00000000d6418000,0x00000000d6480000)
  to   space 1024K, 0% used [0x00000000d6480000,0x00000000d6480000,0x00000000d6580000)
 ParOldGen       total 68608K, used 53353K [0x0000000080000000, 0x0000000084300000, 0x00000000d5580000)
  object space 68608K, 77% used [0x0000000080000000,0x000000008341a708,0x0000000084300000)
 Metaspace       used 54890K, committed 56256K, reserved 1114112K
  class space    used 6015K, committed 6592K, reserved 1048576K
}
Event: 29.049 GC heap after
{Heap after GC invocations=40 (full 2):
 PSYoungGen      total 15360K, used 1024K [0x00000000d5580000, 0x00000000d6580000, 0x0000000100000000)
  eden space 14336K, 0% used [0x00000000d5580000,0x00000000d5580000,0x00000000d6380000)
  from space 1024K, 100% used [0x00000000d6480000,0x00000000d6580000,0x00000000d6580000)
  to   space 1024K, 0% used [0x00000000d6380000,0x00000000d6380000,0x00000000d6480000)
 ParOldGen       total 68608K, used 53993K [0x0000000080000000, 0x0000000084300000, 0x00000000d5580000)
  object space 68608K, 78% used [0x0000000080000000,0x00000000834ba718,0x0000000084300000)
 Metaspace       used 54890K, committed 56256K, reserved 1114112K
  class space    used 6015K, committed 6592K, reserved 1048576K
}
Event: 29.317 GC heap before
{Heap before GC invocations=41 (full 2):
 PSYoungGen      total 15360K, used 15360K [0x00000000d5580000, 0x00000000d6580000, 0x0000000100000000)
  eden space 14336K, 100% used [0x00000000d5580000,0x00000000d6380000,0x00000000d6380000)
  from space 1024K, 100% used [0x00000000d6480000,0x00000000d6580000,0x00000000d6580000)
  to   space 1024K, 0% used [0x00000000d6380000,0x00000000d6380000,0x00000000d6480000)
 ParOldGen       total 68608K, used 53993K [0x0000000080000000, 0x0000000084300000, 0x00000000d5580000)
  object space 68608K, 78% used [0x0000000080000000,0x00000000834ba718,0x0000000084300000)
 Metaspace       used 55106K, committed 56512K, reserved 1114112K
  class space    used 6030K, committed 6656K, reserved 1048576K
}
Event: 29.320 GC heap after
{Heap after GC invocations=41 (full 2):
 PSYoungGen      total 15360K, used 1008K [0x00000000d5580000, 0x00000000d6980000, 0x0000000100000000)
  eden space 14336K, 0% used [0x00000000d5580000,0x00000000d5580000,0x00000000d6380000)
  from space 1024K, 98% used [0x00000000d6380000,0x00000000d647c040,0x00000000d6480000)
  to   space 3072K, 0% used [0x00000000d6680000,0x00000000d6680000,0x00000000d6980000)
 ParOldGen       total 68608K, used 55453K [0x0000000080000000, 0x0000000084300000, 0x00000000d5580000)
  object space 68608K, 80% used [0x0000000080000000,0x0000000083627458,0x0000000084300000)
 Metaspace       used 55106K, committed 56512K, reserved 1114112K
  class space    used 6030K, committed 6656K, reserved 1048576K
}
Event: 29.398 GC heap before
{Heap before GC invocations=42 (full 2):
 PSYoungGen      total 15360K, used 15344K [0x00000000d5580000, 0x00000000d6980000, 0x0000000100000000)
  eden space 14336K, 100% used [0x00000000d5580000,0x00000000d6380000,0x00000000d6380000)
  from space 1024K, 98% used [0x00000000d6380000,0x00000000d647c040,0x00000000d6480000)
  to   space 3072K, 0% used [0x00000000d6680000,0x00000000d6680000,0x00000000d6980000)
 ParOldGen       total 68608K, used 55453K [0x0000000080000000, 0x0000000084300000, 0x00000000d5580000)
  object space 68608K, 80% used [0x0000000080000000,0x0000000083627458,0x0000000084300000)
 Metaspace       used 55212K, committed 56576K, reserved 1114112K
  class space    used 6035K, committed 6656K, reserved 1048576K
}
Event: 29.402 GC heap after
{Heap after GC invocations=42 (full 2):
 PSYoungGen      total 16384K, used 1632K [0x00000000d5580000, 0x00000000d6880000, 0x0000000100000000)
  eden space 14336K, 0% used [0x00000000d5580000,0x00000000d5580000,0x00000000d6380000)
  from space 2048K, 79% used [0x00000000d6680000,0x00000000d6818000,0x00000000d6880000)
  to   space 2048K, 0% used [0x00000000d6480000,0x00000000d6480000,0x00000000d6680000)
 ParOldGen       total 68608K, used 56023K [0x0000000080000000, 0x0000000084300000, 0x00000000d5580000)
  object space 68608K, 81% used [0x0000000080000000,0x00000000836b5f00,0x0000000084300000)
 Metaspace       used 55212K, committed 56576K, reserved 1114112K
  class space    used 6035K, committed 6656K, reserved 1048576K
}
Event: 29.528 GC heap before
{Heap before GC invocations=43 (full 2):
 PSYoungGen      total 16384K, used 15968K [0x00000000d5580000, 0x00000000d6880000, 0x0000000100000000)
  eden space 14336K, 100% used [0x00000000d5580000,0x00000000d6380000,0x00000000d6380000)
  from space 2048K, 79% used [0x00000000d6680000,0x00000000d6818000,0x00000000d6880000)
  to   space 2048K, 0% used [0x00000000d6480000,0x00000000d6480000,0x00000000d6680000)
 ParOldGen       total 68608K, used 56023K [0x0000000080000000, 0x0000000084300000, 0x00000000d5580000)
  object space 68608K, 81% used [0x0000000080000000,0x00000000836b5f00,0x0000000084300000)
 Metaspace       used 55486K, committed 56832K, reserved 1114112K
  class space    used 6048K, committed 6656K, reserved 1048576K
}
Event: 29.531 GC heap after
{Heap after GC invocations=43 (full 2):
 PSYoungGen      total 15872K, used 1418K [0x00000000d5580000, 0x00000000d6780000, 0x0000000100000000)
  eden space 14336K, 0% used [0x00000000d5580000,0x00000000d5580000,0x00000000d6380000)
  from space 1536K, 92% used [0x00000000d6480000,0x00000000d65e28e0,0x00000000d6600000)
  to   space 1536K, 0% used [0x00000000d6600000,0x00000000d6600000,0x00000000d6780000)
 ParOldGen       total 68608K, used 57151K [0x0000000080000000, 0x0000000084300000, 0x00000000d5580000)
  object space 68608K, 83% used [0x0000000080000000,0x00000000837cff00,0x0000000084300000)
 Metaspace       used 55486K, committed 56832K, reserved 1114112K
  class space    used 6048K, committed 6656K, reserved 1048576K
}
Event: 29.583 GC heap before
{Heap before GC invocations=44 (full 2):
 PSYoungGen      total 15872K, used 15754K [0x00000000d5580000, 0x00000000d6780000, 0x0000000100000000)
  eden space 14336K, 100% used [0x00000000d5580000,0x00000000d6380000,0x00000000d6380000)
  from space 1536K, 92% used [0x00000000d6480000,0x00000000d65e28e0,0x00000000d6600000)
  to   space 1536K, 0% used [0x00000000d6600000,0x00000000d6600000,0x00000000d6780000)
 ParOldGen       total 68608K, used 57151K [0x0000000080000000, 0x0000000084300000, 0x00000000d5580000)
  object space 68608K, 83% used [0x0000000080000000,0x00000000837cff00,0x0000000084300000)
 Metaspace       used 55723K, committed 57024K, reserved 1114112K
  class space    used 6064K, committed 6656K, reserved 1048576K
}
Event: 29.585 GC heap after
{Heap after GC invocations=44 (full 2):
 PSYoungGen      total 15360K, used 800K [0x00000000d5580000, 0x00000000d6700000, 0x0000000100000000)
  eden space 14336K, 0% used [0x00000000d5580000,0x00000000d5580000,0x00000000d6380000)
  from space 1024K, 78% used [0x00000000d6600000,0x00000000d66c8000,0x00000000d6700000)
  to   space 1536K, 0% used [0x00000000d6400000,0x00000000d6400000,0x00000000d6580000)
 ParOldGen       total 68608K, used 58260K [0x0000000080000000, 0x0000000084300000, 0x00000000d5580000)
  object space 68608K, 84% used [0x0000000080000000,0x00000000838e5258,0x0000000084300000)
 Metaspace       used 55723K, committed 57024K, reserved 1114112K
  class space    used 6064K, committed 6656K, reserved 1048576K
}
Event: 29.636 GC heap before
{Heap before GC invocations=45 (full 2):
 PSYoungGen      total 15360K, used 15136K [0x00000000d5580000, 0x00000000d6700000, 0x0000000100000000)
  eden space 14336K, 100% used [0x00000000d5580000,0x00000000d6380000,0x00000000d6380000)
  from space 1024K, 78% used [0x00000000d6600000,0x00000000d66c8000,0x00000000d6700000)
  to   space 1536K, 0% used [0x00000000d6400000,0x00000000d6400000,0x00000000d6580000)
 ParOldGen       total 68608K, used 58260K [0x0000000080000000, 0x0000000084300000, 0x00000000d5580000)
  object space 68608K, 84% used [0x0000000080000000,0x00000000838e5258,0x0000000084300000)
 Metaspace       used 56014K, committed 57408K, reserved 1114112K
  class space    used 6085K, committed 6720K, reserved 1048576K
}
Event: 29.638 GC heap after
{Heap after GC invocations=45 (full 2):
 PSYoungGen      total 15872K, used 1536K [0x00000000d5580000, 0x00000000d6980000, 0x0000000100000000)
  eden space 14336K, 0% used [0x00000000d5580000,0x00000000d5580000,0x00000000d6380000)
  from space 1536K, 100% used [0x00000000d6400000,0x00000000d6580000,0x00000000d6580000)
  to   space 3072K, 0% used [0x00000000d6680000,0x00000000d6680000,0x00000000d6980000)
 ParOldGen       total 68608K, used 59108K [0x0000000080000000, 0x0000000084300000, 0x00000000d5580000)
  object space 68608K, 86% used [0x0000000080000000,0x00000000839b9258,0x0000000084300000)
 Metaspace       used 56014K, committed 57408K, reserved 1114112K
  class space    used 6085K, committed 6720K, reserved 1048576K
}
Event: 29.768 GC heap before
{Heap before GC invocations=46 (full 2):
 PSYoungGen      total 15872K, used 15872K [0x00000000d5580000, 0x00000000d6980000, 0x0000000100000000)
  eden space 14336K, 100% used [0x00000000d5580000,0x00000000d6380000,0x00000000d6380000)
  from space 1536K, 100% used [0x00000000d6400000,0x00000000d6580000,0x00000000d6580000)
  to   space 3072K, 0% used [0x00000000d6680000,0x00000000d6680000,0x00000000d6980000)
 ParOldGen       total 68608K, used 59108K [0x0000000080000000, 0x0000000084300000, 0x00000000d5580000)
  object space 68608K, 86% used [0x0000000080000000,0x00000000839b9258,0x0000000084300000)
 Metaspace       used 57200K, committed 58560K, reserved 1114112K
  class space    used 6192K, committed 6784K, reserved 1048576K
}
Event: 29.770 GC heap after
{Heap after GC invocations=46 (full 2):
 PSYoungGen      total 15360K, used 704K [0x00000000d5580000, 0x00000000d6780000, 0x0000000100000000)
  eden space 14336K, 0% used [0x00000000d5580000,0x00000000d5580000,0x00000000d6380000)
  from space 1024K, 68% used [0x00000000d6680000,0x00000000d6730000,0x00000000d6780000)
  to   space 1536K, 0% used [0x00000000d6480000,0x00000000d6480000,0x00000000d6600000)
 ParOldGen       total 68608K, used 59716K [0x0000000080000000, 0x0000000084300000, 0x00000000d5580000)
  object space 68608K, 87% used [0x0000000080000000,0x0000000083a51258,0x0000000084300000)
 Metaspace       used 57200K, committed 58560K, reserved 1114112K
  class space    used 6192K, committed 6784K, reserved 1048576K
}
Event: 30.338 GC heap before
{Heap before GC invocations=47 (full 2):
 PSYoungGen      total 15360K, used 15040K [0x00000000d5580000, 0x00000000d6780000, 0x0000000100000000)
  eden space 14336K, 100% used [0x00000000d5580000,0x00000000d6380000,0x00000000d6380000)
  from space 1024K, 68% used [0x00000000d6680000,0x00000000d6730000,0x00000000d6780000)
  to   space 1536K, 0% used [0x00000000d6480000,0x00000000d6480000,0x00000000d6600000)
 ParOldGen       total 68608K, used 59716K [0x0000000080000000, 0x0000000084300000, 0x00000000d5580000)
  object space 68608K, 87% used [0x0000000080000000,0x0000000083a51258,0x0000000084300000)
 Metaspace       used 57461K, committed 58880K, reserved 1114112K
  class space    used 6211K, committed 6784K, reserved 1048576K
}
Event: 30.341 GC heap after
{Heap after GC invocations=47 (full 2):
 PSYoungGen      total 15872K, used 384K [0x00000000d5580000, 0x00000000d6700000, 0x0000000100000000)
  eden space 14336K, 0% used [0x00000000d5580000,0x00000000d5580000,0x00000000d6380000)
  from space 1536K, 25% used [0x00000000d6480000,0x00000000d64e0000,0x00000000d6600000)
  to   space 1024K, 0% used [0x00000000d6600000,0x00000000d6600000,0x00000000d6700000)
 ParOldGen       total 68608K, used 60244K [0x0000000080000000, 0x0000000084300000, 0x00000000d5580000)
  object space 68608K, 87% used [0x0000000080000000,0x0000000083ad5278,0x0000000084300000)
 Metaspace       used 57461K, committed 58880K, reserved 1114112K
  class space    used 6211K, committed 6784K, reserved 1048576K
}
Event: 31.532 GC heap before
{Heap before GC invocations=48 (full 2):
 PSYoungGen      total 15872K, used 8479K [0x00000000d5580000, 0x00000000d6700000, 0x0000000100000000)
  eden space 14336K, 56% used [0x00000000d5580000,0x00000000d5d67f88,0x00000000d6380000)
  from space 1536K, 25% used [0x00000000d6480000,0x00000000d64e0000,0x00000000d6600000)
  to   space 1024K, 0% used [0x00000000d6600000,0x00000000d6600000,0x00000000d6700000)
 ParOldGen       total 68608K, used 60244K [0x0000000080000000, 0x0000000084300000, 0x00000000d5580000)
  object space 68608K, 87% used [0x0000000080000000,0x0000000083ad5278,0x0000000084300000)
 Metaspace       used 58436K, committed 59776K, reserved 1114112K
  class space    used 6288K, committed 6848K, reserved 1048576K
}
Event: 31.534 GC heap after
{Heap after GC invocations=48 (full 2):
 PSYoungGen      total 15360K, used 735K [0x00000000d5580000, 0x00000000d6700000, 0x0000000100000000)
  eden space 14336K, 0% used [0x00000000d5580000,0x00000000d5580000,0x00000000d6380000)
  from space 1024K, 71% used [0x00000000d6600000,0x00000000d66b7ca0,0x00000000d6700000)
  to   space 1024K, 0% used [0x00000000d6500000,0x00000000d6500000,0x00000000d6600000)
 ParOldGen       total 68608K, used 60324K [0x0000000080000000, 0x0000000084300000, 0x00000000d5580000)
  object space 68608K, 87% used [0x0000000080000000,0x0000000083ae9278,0x0000000084300000)
 Metaspace       used 58436K, committed 59776K, reserved 1114112K
  class space    used 6288K, committed 6848K, reserved 1048576K
}
Event: 31.534 GC heap before
{Heap before GC invocations=49 (full 3):
 PSYoungGen      total 15360K, used 735K [0x00000000d5580000, 0x00000000d6700000, 0x0000000100000000)
  eden space 14336K, 0% used [0x00000000d5580000,0x00000000d5580000,0x00000000d6380000)
  from space 1024K, 71% used [0x00000000d6600000,0x00000000d66b7ca0,0x00000000d6700000)
  to   space 1024K, 0% used [0x00000000d6500000,0x00000000d6500000,0x00000000d6600000)
 ParOldGen       total 68608K, used 60324K [0x0000000080000000, 0x0000000084300000, 0x00000000d5580000)
  object space 68608K, 87% used [0x0000000080000000,0x0000000083ae9278,0x0000000084300000)
 Metaspace       used 58436K, committed 59776K, reserved 1114112K
  class space    used 6288K, committed 6848K, reserved 1048576K
}

